# JRE version: OpenJDK Runtime Environment Temurin-21.0.12.1+1 (21.0.12.1+1) (build 21.0.12.1+1-LTS)
# Java VM: OpenJDK 64-Bit Server VM Temurin-21.0.12.1+1 (21.0.12.1+1-LTS, mixed mode, sharing, tiered, compressed oops, compressed class ptrs, g1 gc, windows-amd64)
GC Precious Log:
 CardTable entry size: 512
 Card Set container configuration: InlinePtr #cards 5 size 8 Array Of Cards #cards 12 size 40 Howl #buckets 4 coarsen threshold 1843 Howl Bitmap #cards 512 size 80 coarsen threshold 460 Card regions per heap region 1 cards per card region 2048
 CPUs: 12 total, 12 available
 Memory: 16046M
 Large Page Support: Disabled
 NUMA Support: Disabled
 Compressed Oops: Enabled (32-bit)
 Heap Region Size: 1M
 Heap Min Capacity: 256M
 Heap Initial Capacity: 256M
 Heap Max Capacity: 512M
 Pre-touch: Disabled
 Parallel Workers: 10
 Concurrent Workers: 3
 Concurrent Refinement Workers: 10
 Periodic GC: Disabled
Heap:
 garbage-first heap   total 262144K, used 84825K [0x00000000e0000000, 0x0000000100000000)
  region size 1024K, 49 young (50176K), 2 survivors (2048K)
 Metaspace       used 47469K, committed 49088K, reserved 393216K
  class space    used 7015K, committed 7808K, reserved 327680K
GC Heap History (18 events):
Event: 1.958 GC heap before
{Heap before GC invocations=0 (full 0):
 garbage-first heap   total 262144K, used 26624K [0x00000000e0000000, 0x0000000100000000)
  region size 1024K, 23 young (23552K), 0 survivors (0K)
 Metaspace       used 1130K, committed 1280K, reserved 393216K
  class space    used 81K, committed 128K, reserved 327680K
}
Event: 1.966 GC heap after
{Heap after GC invocations=1 (full 0):
 garbage-first heap   total 262144K, used 9335K [0x00000000e0000000, 0x0000000100000000)
  region size 1024K, 3 young (3072K), 3 survivors (3072K)
 Metaspace       used 1130K, committed 1280K, reserved 393216K
  class space    used 81K, committed 128K, reserved 327680K
}
Event: 57.461 GC heap before
{Heap before GC invocations=1 (full 0):
 garbage-first heap   total 262144K, used 41079K [0x00000000e0000000, 0x0000000100000000)
  region size 1024K, 34 young (34816K), 3 survivors (3072K)
 Metaspace       used 4337K, committed 4544K, reserved 393216K
  class space    used 544K, committed 640K, reserved 327680K
}
Event: 57.469 GC heap after
{Heap after GC invocations=2 (full 0):
 garbage-first heap   total 262144K, used 12017K [0x00000000e0000000, 0x0000000100000000)
  region size 1024K, 3 young (3072K), 3 survivors (3072K)
 Metaspace       used 4337K, committed 4544K, reserved 393216K
  class space    used 544K, committed 640K, reserved 327680K
}
Event: 109.724 GC heap before
{Heap before GC invocations=2 (full 0):
 garbage-first heap   total 262144K, used 57073K [0x00000000e0000000, 0x0000000100000000)
  region size 1024K, 46 young (47104K), 3 survivors (3072K)
 Metaspace       used 5463K, committed 5696K, reserved 393216K
  class space    used 720K, committed 832K, reserved 327680K
}
Event: 109.736 GC heap after
{Heap after GC invocations=3 (full 0):
 garbage-first heap   total 262144K, used 17439K [0x00000000e0000000, 0x0000000100000000)
  region size 1024K, 6 young (6144K), 6 survivors (6144K)
 Metaspace       used 5463K, committed 5696K, reserved 393216K
  class space    used 720K, committed 832K, reserved 327680K
}
Event: 243.331 GC heap before
{Heap before GC invocations=3 (full 0):
 garbage-first heap   total 262144K, used 108575K [0x00000000e0000000, 0x0000000100000000)
  region size 1024K, 96 young (98304K), 6 survivors (6144K)
 Metaspace       used 20878K, committed 21504K, reserved 393216K
  class space    used 3049K, committed 3328K, reserved 327680K
}
Event: 243.413 GC heap after
{Heap after GC invocations=4 (full 0):
 garbage-first heap   total 262144K, used 24607K [0x00000000e0000000, 0x0000000100000000)
  region size 1024K, 13 young (13312K), 13 survivors (13312K)
 Metaspace       used 20878K, committed 21504K, reserved 393216K
  class space    used 3049K, committed 3328K, reserved 327680K
}
Event: 352.998 GC heap before
{Heap before GC invocations=5 (full 0):
 garbage-first heap   total 262144K, used 134175K [0x00000000e0000000, 0x0000000100000000)
  region size 1024K, 122 young (124928K), 13 survivors (13312K)
 Metaspace       used 34794K, committed 35968K, reserved 393216K
  class space    used 5044K, committed 5632K, reserved 327680K
}
Event: 353.043 GC heap after
{Heap after GC invocations=6 (full 0):
 garbage-first heap   total 262144K, used 33195K [0x00000000e0000000, 0x0000000100000000)
  region size 1024K, 16 young (16384K), 16 survivors (16384K)
 Metaspace       used 34794K, committed 35968K, reserved 393216K
  class space    used 5044K, committed 5632K, reserved 327680K
}
Event: 356.590 GC heap before
{Heap before GC invocations=6 (full 0):
 garbage-first heap   total 262144K, used 35243K [0x00000000e0000000, 0x0000000100000000)
  region size 1024K, 19 young (19456K), 16 survivors (16384K)
 Metaspace       used 35072K, committed 36288K, reserved 393216K
  class space    used 5098K, committed 5696K, reserved 327680K
}
Event: 356.639 GC heap after
{Heap after GC invocations=7 (full 0):
 garbage-first heap   total 262144K, used 32845K [0x00000000e0000000, 0x0000000100000000)
  region size 1024K, 9 young (9216K), 9 survivors (9216K)
 Metaspace       used 35072K, committed 36288K, reserved 393216K
  class space    used 5098K, committed 5696K, reserved 327680K
}
Event: 358.640 GC heap before
{Heap before GC invocations=7 (full 0):
 garbage-first heap   total 262144K, used 34893K [0x00000000e0000000, 0x0000000100000000)
  region size 1024K, 12 young (12288K), 9 survivors (9216K)
 Metaspace       used 35388K, committed 36608K, reserved 393216K
  class space    used 5146K, committed 5760K, reserved 327680K
}
Event: 358.670 GC heap after
{Heap after GC invocations=8 (full 0):
 garbage-first heap   total 262144K, used 32404K [0x00000000e0000000, 0x0000000100000000)
  region size 1024K, 8 young (8192K), 8 survivors (8192K)
 Metaspace       used 35388K, committed 36608K, reserved 393216K
  class space    used 5146K, committed 5760K, reserved 327680K
}
Event: 801.371 GC heap before
{Heap before GC invocations=9 (full 0):
 garbage-first heap   total 262144K, used 181908K [0x00000000e0000000, 0x0000000100000000)
  region size 1024K, 153 young (156672K), 8 survivors (8192K)
 Metaspace       used 46555K, committed 48128K, reserved 393216K
  class space    used 6850K, committed 7616K, reserved 327680K
}
Event: 801.778 GC heap after
{Heap after GC invocations=10 (full 0):
 garbage-first heap   total 262144K, used 37434K [0x00000000e0000000, 0x0000000100000000)
  region size 1024K, 13 young (13312K), 13 survivors (13312K)
 Metaspace       used 46555K, committed 48128K, reserved 393216K
  class space    used 6850K, committed 7616K, reserved 327680K
}
Event: 803.840 GC heap before
{Heap before GC invocations=10 (full 0):
 garbage-first heap   total 262144K, used 38458K [0x00000000e0000000, 0x0000000100000000)
  region size 1024K, 14 young (14336K), 13 survivors (13312K)
 Metaspace       used 46555K, committed 48128K, reserved 393216K
  class space    used 6850K, committed 7616K, reserved 327680K
}
Event: 803.873 GC heap after
{Heap after GC invocations=11 (full 0):
 garbage-first heap   total 262144K, used 38745K [0x00000000e0000000, 0x0000000100000000)
  region size 1024K, 2 young (2048K), 2 survivors (2048K)
 Metaspace       used 46555K, committed 48128K, reserved 393216K
  class space    used 6850K, committed 7616K, reserved 327680K
}

