# JRE version: OpenJDK Runtime Environment Temurin-21.0.12.1+1 (21.0.12.1+1) (build 21.0.12.1+1-LTS)
# Java VM: OpenJDK 64-Bit Server VM Temurin-21.0.12.1+1 (21.0.12.1+1-LTS, mixed mode, sharing, tiered, compressed oops, compressed class ptrs, g1 gc, windows-amd64)
GC Precious Log:
 CardTable entry size: 512
 Card Set container configuration: InlinePtr #cards 5 size 8 Array Of Cards #cards 12 size 40 Howl #buckets 4 coarsen threshold 1843 Howl Bitmap #cards 512 size 80 coarsen threshold 460 Card regions per heap region 1 cards per card region 2048
 CPUs: 12 total, 12 available
 Memory: 16046M
 Large Page Support: Disabled
 NUMA Support: Disabled
 Compressed Oops: Enabled (32-bit)
 Heap Region Size: 1M
 Heap Min Capacity: 256M
 Heap Initial Capacity: 256M
 Heap Max Capacity: 512M
 Pre-touch: Disabled
 Parallel Workers: 10
 Concurrent Workers: 3
 Concurrent Refinement Workers: 10
 Periodic GC: Disabled
Heap:
 garbage-first heap   total 262144K, used 88885K [0x00000000e0000000, 0x0000000100000000)
  region size 1024K, 64 young (65536K), 13 survivors (13312K)
 Metaspace       used 47483K, committed 49024K, reserved 393216K
  class space    used 7003K, committed 7744K, reserved 327680K
GC Heap History (12 events):
Event: 1.971 GC heap before
{Heap before GC invocations=0 (full 0):
 garbage-first heap   total 262144K, used 26624K [0x00000000e0000000, 0x0000000100000000)
  region size 1024K, 23 young (23552K), 0 survivors (0K)
 Metaspace       used 1117K, committed 1216K, reserved 393216K
  class space    used 81K, committed 128K, reserved 327680K
}
Event: 2.052 GC heap after
{Heap after GC invocations=1 (full 0):
 garbage-first heap   total 262144K, used 9375K [0x00000000e0000000, 0x0000000100000000)
  region size 1024K, 3 young (3072K), 3 survivors (3072K)
 Metaspace       used 1117K, committed 1216K, reserved 393216K
  class space    used 81K, committed 128K, reserved 327680K
}
Event: 28.250 GC heap before
{Heap before GC invocations=1 (full 0):
 garbage-first heap   total 262144K, used 41119K [0x00000000e0000000, 0x0000000100000000)
  region size 1024K, 34 young (34816K), 3 survivors (3072K)
 Metaspace       used 4300K, committed 4480K, reserved 393216K
  class space    used 541K, committed 640K, reserved 327680K
}
Event: 28.263 GC heap after
{Heap after GC invocations=2 (full 0):
 garbage-first heap   total 262144K, used 11696K [0x00000000e0000000, 0x0000000100000000)
  region size 1024K, 3 young (3072K), 3 survivors (3072K)
 Metaspace       used 4300K, committed 4480K, reserved 393216K
  class space    used 541K, committed 640K, reserved 327680K
}
Event: 86.480 GC heap before
{Heap before GC invocations=2 (full 0):
 garbage-first heap   total 262144K, used 57776K [0x00000000e0000000, 0x0000000100000000)
  region size 1024K, 46 young (47104K), 3 survivors (3072K)
 Metaspace       used 5396K, committed 5632K, reserved 393216K
  class space    used 712K, committed 832K, reserved 327680K
}
Event: 86.491 GC heap after
{Heap after GC invocations=3 (full 0):
 garbage-first heap   total 262144K, used 17187K [0x00000000e0000000, 0x0000000100000000)
  region size 1024K, 6 young (6144K), 6 survivors (6144K)
 Metaspace       used 5396K, committed 5632K, reserved 393216K
  class space    used 712K, committed 832K, reserved 327680K
}
Event: 219.504 GC heap before
{Heap before GC invocations=3 (full 0):
 garbage-first heap   total 262144K, used 108323K [0x00000000e0000000, 0x0000000100000000)
  region size 1024K, 96 young (98304K), 6 survivors (6144K)
 Metaspace       used 20880K, committed 21504K, reserved 393216K
  class space    used 3052K, committed 3328K, reserved 327680K
}
Event: 219.578 GC heap after
{Heap after GC invocations=4 (full 0):
 garbage-first heap   total 262144K, used 24596K [0x00000000e0000000, 0x0000000100000000)
  region size 1024K, 14 young (14336K), 14 survivors (14336K)
 Metaspace       used 20880K, committed 21504K, reserved 393216K
  class space    used 3052K, committed 3328K, reserved 327680K
}
Event: 384.817 GC heap before
{Heap before GC invocations=5 (full 0):
 garbage-first heap   total 262144K, used 135188K [0x00000000e0000000, 0x0000000100000000)
  region size 1024K, 124 young (126976K), 14 survivors (14336K)
 Metaspace       used 34768K, committed 35968K, reserved 393216K
  class space    used 5031K, committed 5632K, reserved 327680K
}
Event: 384.923 GC heap after
{Heap after GC invocations=6 (full 0):
 garbage-first heap   total 262144K, used 32493K [0x00000000e0000000, 0x0000000100000000)
  region size 1024K, 15 young (15360K), 15 survivors (15360K)
 Metaspace       used 34768K, committed 35968K, reserved 393216K
  class space    used 5031K, committed 5632K, reserved 327680K
}
Event: 750.481 GC heap before
{Heap before GC invocations=7 (full 0):
 garbage-first heap   total 262144K, used 174829K [0x00000000e0000000, 0x0000000100000000)
  region size 1024K, 153 young (156672K), 15 survivors (15360K)
 Metaspace       used 46561K, committed 48128K, reserved 393216K
  class space    used 6847K, committed 7616K, reserved 327680K
}
Event: 750.665 GC heap after
{Heap after GC invocations=8 (full 0):
 garbage-first heap   total 262144K, used 37685K [0x00000000e0000000, 0x0000000100000000)
  region size 1024K, 13 young (13312K), 13 survivors (13312K)
 Metaspace       used 46561K, committed 48128K, reserved 393216K
  class space    used 6847K, committed 7616K, reserved 327680K
}

