# JRE version: OpenJDK Runtime Environment Temurin-21.0.12.1+1 (21.0.12.1+1) (build 21.0.12.1+1-LTS)
# Java VM: OpenJDK 64-Bit Server VM Temurin-21.0.12.1+1 (21.0.12.1+1-LTS, mixed mode, sharing, tiered, compressed oops, compressed class ptrs, g1 gc, windows-amd64)
GC Precious Log:
 CardTable entry size: 512
 Card Set container configuration: InlinePtr #cards 4 size 8 Array Of Cards #cards 32 size 80 Howl #buckets 8 coarsen threshold 7372 Howl Bitmap #cards 1024 size 144 coarsen threshold 921 Card regions per heap region 1 cards per card region 8192
 CPUs: 12 total, 12 available
 Memory: 16046M
 Large Page Support: Disabled
 NUMA Support: Disabled
 Compressed Oops: Enabled (Zero based)
 Heap Region Size: 4M
 Heap Min Capacity: 8M
 Heap Initial Capacity: 252M
 Heap Max Capacity: 8G
 Pre-touch: Disabled
 Parallel Workers: 10
 Concurrent Workers: 3
 Concurrent Refinement Workers: 10
 Periodic GC: Disabled
Heap:
 garbage-first heap   total 114688K, used 89694K [0x0000000600000000, 0x0000000800000000)
  region size 4096K, 12 young (49152K), 2 survivors (8192K)
 Metaspace       used 68903K, committed 71040K, reserved 1114112K
  class space    used 10126K, committed 11200K, reserved 1048576K
GC Heap History (20 events):
Event: 454.086 GC heap before
{Heap before GC invocations=9 (full 0):
 garbage-first heap   total 106496K, used 87381K [0x0000000600000000, 0x0000000800000000)
  region size 4096K, 15 young (61440K), 1 survivors (4096K)
 Metaspace       used 37539K, committed 39040K, reserved 1114112K
  class space    used 5403K, committed 6144K, reserved 1048576K
}
Event: 454.134 GC heap after
{Heap after GC invocations=10 (full 0):
 garbage-first heap   total 106496K, used 31567K [0x0000000600000000, 0x0000000800000000)
  region size 4096K, 2 young (8192K), 2 survivors (8192K)
 Metaspace       used 37539K, committed 39040K, reserved 1114112K
  class space    used 5403K, committed 6144K, reserved 1048576K
}
Event: 547.684 GC heap before
{Heap before GC invocations=10 (full 0):
 garbage-first heap   total 106496K, used 84815K [0x0000000600000000, 0x0000000800000000)
  region size 4096K, 15 young (61440K), 2 survivors (8192K)
 Metaspace       used 40643K, committed 42304K, reserved 1114112K
  class space    used 5926K, committed 6720K, reserved 1048576K
}
Event: 547.710 GC heap after
{Heap after GC invocations=11 (full 0):
 garbage-first heap   total 106496K, used 33112K [0x0000000600000000, 0x0000000800000000)
  region size 4096K, 1 young (4096K), 1 survivors (4096K)
 Metaspace       used 40643K, committed 42304K, reserved 1114112K
  class space    used 5926K, committed 6720K, reserved 1048576K
}
Event: 744.773 GC heap before
{Heap before GC invocations=11 (full 0):
 garbage-first heap   total 106496K, used 90456K [0x0000000600000000, 0x0000000800000000)
  region size 4096K, 15 young (61440K), 1 survivors (4096K)
 Metaspace       used 44714K, committed 46464K, reserved 1114112K
  class space    used 6613K, committed 7488K, reserved 1048576K
}
Event: 744.859 GC heap after
{Heap after GC invocations=12 (full 0):
 garbage-first heap   total 106496K, used 35071K [0x0000000600000000, 0x0000000800000000)
  region size 4096K, 2 young (8192K), 2 survivors (8192K)
 Metaspace       used 44714K, committed 46464K, reserved 1114112K
  class space    used 6613K, committed 7488K, reserved 1048576K
}
Event: 857.490 GC heap before
{Heap before GC invocations=12 (full 0):
 garbage-first heap   total 106496K, used 88319K [0x0000000600000000, 0x0000000800000000)
  region size 4096K, 15 young (61440K), 2 survivors (8192K)
 Metaspace       used 47967K, committed 49728K, reserved 1114112K
  class space    used 7070K, committed 7936K, reserved 1048576K
}
Event: 857.523 GC heap after
{Heap after GC invocations=13 (full 0):
 garbage-first heap   total 106496K, used 38219K [0x0000000600000000, 0x0000000800000000)
  region size 4096K, 2 young (8192K), 2 survivors (8192K)
 Metaspace       used 47967K, committed 49728K, reserved 1114112K
  class space    used 7070K, committed 7936K, reserved 1048576K
}
Event: 915.544 GC heap before
{Heap before GC invocations=13 (full 0):
 garbage-first heap   total 106496K, used 91467K [0x0000000600000000, 0x0000000800000000)
  region size 4096K, 15 young (61440K), 2 survivors (8192K)
 Metaspace       used 51489K, committed 53440K, reserved 1114112K
  class space    used 7669K, committed 8640K, reserved 1048576K
}
Event: 915.598 GC heap after
{Heap after GC invocations=14 (full 0):
 garbage-first heap   total 110592K, used 45226K [0x0000000600000000, 0x0000000800000000)
  region size 4096K, 2 young (8192K), 2 survivors (8192K)
 Metaspace       used 51489K, committed 53440K, reserved 1114112K
  class space    used 7669K, committed 8640K, reserved 1048576K
}
Event: 958.934 GC heap before
{Heap before GC invocations=14 (full 0):
 garbage-first heap   total 110592K, used 94378K [0x0000000600000000, 0x0000000800000000)
  region size 4096K, 14 young (57344K), 2 survivors (8192K)
 Metaspace       used 57378K, committed 59328K, reserved 1114112K
  class space    used 8423K, committed 9408K, reserved 1048576K
}
Event: 958.956 GC heap after
{Heap after GC invocations=15 (full 0):
 garbage-first heap   total 110592K, used 47420K [0x0000000600000000, 0x0000000800000000)
  region size 4096K, 1 young (4096K), 1 survivors (4096K)
 Metaspace       used 57378K, committed 59328K, reserved 1114112K
  class space    used 8423K, committed 9408K, reserved 1048576K
}
Event: 974.035 GC heap before
{Heap before GC invocations=15 (full 0):
 garbage-first heap   total 110592K, used 63804K [0x0000000600000000, 0x0000000800000000)
  region size 4096K, 6 young (24576K), 1 survivors (4096K)
 Metaspace       used 58662K, committed 60608K, reserved 1114112K
  class space    used 8626K, committed 9600K, reserved 1048576K
}
Event: 974.056 GC heap after
{Heap after GC invocations=16 (full 0):
 garbage-first heap   total 110592K, used 47733K [0x0000000600000000, 0x0000000800000000)
  region size 4096K, 1 young (4096K), 1 survivors (4096K)
 Metaspace       used 58662K, committed 60608K, reserved 1114112K
  class space    used 8626K, committed 9600K, reserved 1048576K
}
Event: 999.288 GC heap before
{Heap before GC invocations=17 (full 0):
 garbage-first heap   total 110592K, used 92789K [0x0000000600000000, 0x0000000800000000)
  region size 4096K, 12 young (49152K), 1 survivors (4096K)
 Metaspace       used 61543K, committed 63552K, reserved 1114112K
  class space    used 9045K, committed 10048K, reserved 1048576K
}
Event: 999.294 GC heap after
{Heap after GC invocations=18 (full 0):
 garbage-first heap   total 110592K, used 48765K [0x0000000600000000, 0x0000000800000000)
  region size 4096K, 1 young (4096K), 1 survivors (4096K)
 Metaspace       used 61543K, committed 63552K, reserved 1114112K
  class space    used 9045K, committed 10048K, reserved 1048576K
}
Event: 1041.791 GC heap before
{Heap before GC invocations=18 (full 0):
 garbage-first heap   total 110592K, used 97917K [0x0000000600000000, 0x0000000800000000)
  region size 4096K, 13 young (53248K), 1 survivors (4096K)
 Metaspace       used 64431K, committed 66432K, reserved 1114112K
  class space    used 9459K, committed 10432K, reserved 1048576K
}
Event: 1041.818 GC heap after
{Heap after GC invocations=19 (full 0):
 garbage-first heap   total 110592K, used 50514K [0x0000000600000000, 0x0000000800000000)
  region size 4096K, 2 young (8192K), 2 survivors (8192K)
 Metaspace       used 64431K, committed 66432K, reserved 1114112K
  class space    used 9459K, committed 10432K, reserved 1048576K
}
Event: 1138.812 GC heap before
{Heap before GC invocations=19 (full 0):
 garbage-first heap   total 110592K, used 95570K [0x0000000600000000, 0x0000000800000000)
  region size 4096K, 14 young (57344K), 2 survivors (8192K)
 Metaspace       used 67327K, committed 69376K, reserved 1114112K
  class space    used 9891K, committed 10880K, reserved 1048576K
}
Event: 1138.862 GC heap after
{Heap after GC invocations=20 (full 0):
 garbage-first heap   total 114688K, used 52830K [0x0000000600000000, 0x0000000800000000)
  region size 4096K, 2 young (8192K), 2 survivors (8192K)
 Metaspace       used 67327K, committed 69376K, reserved 1114112K
  class space    used 9891K, committed 10880K, reserved 1048576K
}

